<!DOCTYPE html>

<html>
  <head>
  <meta charset='utf-8'>
  <title>TestNG reports</title>

    <link type="text/css" href="testng-reports.css" rel="stylesheet" />
    <script type="text/javascript" src="jquery-3.4.1.min.js"></script>
    <script type="text/javascript" src="testng-reports.js"></script>
    <script type="text/javascript" src="https://www.google.com/jsapi"></script>
    <script type='text/javascript'>
      google.load('visualization', '1', {packages:['table']});
      google.setOnLoadCallback(drawTable);
      var suiteTableInitFunctions = new Array();
      var suiteTableData = new Array();
    </script>
    <!--
      <script type="text/javascript" src="jquery-ui/js/jquery-ui-1.8.16.custom.min.js"></script>
     -->
  </head>

  <body>
    <div class="top-banner-root">
      <span class="top-banner-title-font">Test results</span>
      <br/>
      <span class="top-banner-font-1">1 suite, 3 failed tests</span>
    </div> <!-- top-banner-root -->
    <div class="navigator-root">
      <div class="navigator-suite-header">
        <span>All suites</span>
        <a href="#" title="Collapse/expand all the suites" class="collapse-all-link">
          <img src="collapseall.gif" class="collapse-all-icon">
          </img> <!-- collapse-all-icon -->
        </a> <!-- collapse-all-link -->
      </div> <!-- navigator-suite-header -->
      <div class="suite">
        <div class="rounded-window">
          <div class="suite-header light-rounded-window-top">
            <a href="#" panel-name="suite-Zestaw_test_w_allegro_wyszukuj_cych_przedmiot" class="navigator-link">
              <span class="suite-name border-failed">Zestaw testów allegro wyszukujących przedmiot</span>
            </a> <!-- navigator-link -->
          </div> <!-- suite-header light-rounded-window-top -->
          <div class="navigator-suite-content">
            <div class="suite-section-title">
              <span>Info</span>
            </div> <!-- suite-section-title -->
            <div class="suite-section-content">
              <ul>
                <li>
                  <a href="#" panel-name="test-xml-Zestaw_test_w_allegro_wyszukuj_cych_przedmiot" class="navigator-link ">
                    <span>C:\Users\wasia\IdeaProjects\Project1\TestSuits\TestAllegro\testAllegroSearch.xml</span>
                  </a> <!-- navigator-link  -->
                </li>
                <li>
                  <a href="#" panel-name="testlist-Zestaw_test_w_allegro_wyszukuj_cych_przedmiot" class="navigator-link ">
                    <span class="test-stats">3 tests</span>
                  </a> <!-- navigator-link  -->
                </li>
                <li>
                  <a href="#" panel-name="group-Zestaw_test_w_allegro_wyszukuj_cych_przedmiot" class="navigator-link ">
                    <span>0 groups</span>
                  </a> <!-- navigator-link  -->
                </li>
                <li>
                  <a href="#" panel-name="times-Zestaw_test_w_allegro_wyszukuj_cych_przedmiot" class="navigator-link ">
                    <span>Times</span>
                  </a> <!-- navigator-link  -->
                </li>
                <li>
                  <a href="#" panel-name="reporter-Zestaw_test_w_allegro_wyszukuj_cych_przedmiot" class="navigator-link ">
                    <span>Reporter output</span>
                  </a> <!-- navigator-link  -->
                </li>
                <li>
                  <a href="#" panel-name="ignored-methods-Zestaw_test_w_allegro_wyszukuj_cych_przedmiot" class="navigator-link ">
                    <span>Ignored methods</span>
                  </a> <!-- navigator-link  -->
                </li>
                <li>
                  <a href="#" panel-name="chronological-Zestaw_test_w_allegro_wyszukuj_cych_przedmiot" class="navigator-link ">
                    <span>Chronological view</span>
                  </a> <!-- navigator-link  -->
                </li>
              </ul>
            </div> <!-- suite-section-content -->
            <div class="result-section">
              <div class="suite-section-title">
                <span>Results</span>
              </div> <!-- suite-section-title -->
              <div class="suite-section-content">
                <ul>
                  <li>
                    <span class="method-stats">3 methods, 3 failed,   </span>
                  </li>
                  <li>
                    <span class="method-list-title failed">Failed methods</span>
                    <span class="show-or-hide-methods failed">
                      <a href="#" panel-name="suite-Zestaw_test_w_allegro_wyszukuj_cych_przedmiot" class="hide-methods failed suite-Zestaw_test_w_allegro_wyszukuj_cych_przedmiot"> (hide)</a> <!-- hide-methods failed suite-Zestaw_test_w_allegro_wyszukuj_cych_przedmiot -->
                      <a href="#" panel-name="suite-Zestaw_test_w_allegro_wyszukuj_cych_przedmiot" class="show-methods failed suite-Zestaw_test_w_allegro_wyszukuj_cych_przedmiot"> (show)</a> <!-- show-methods failed suite-Zestaw_test_w_allegro_wyszukuj_cych_przedmiot -->
                    </span>
                    <div class="method-list-content failed suite-Zestaw_test_w_allegro_wyszukuj_cych_przedmiot">
                      <span>
                        <img src="failed.png" width="3%"/>
                        <a href="#" panel-name="suite-Zestaw_test_w_allegro_wyszukuj_cych_przedmiot" title="Tests.AllegroTest.AllegroSearchTest" class="method navigator-link" hash-for-method="searchItem(telefon, chrome, 100, 350)">searchItem(telefon, chrome, 100, 350)</a> <!-- method navigator-link -->
                      </span>
                      <br/>
                      <span>
                        <img src="failed.png" width="3%"/>
                        <a href="#" panel-name="suite-Zestaw_test_w_allegro_wyszukuj_cych_przedmiot" title="Tests.AllegroTest.AllegroSearchTest" class="method navigator-link" hash-for-method="searchItem(kalosze, firefox, 50, 100)">searchItem(kalosze, firefox, 50, 100)</a> <!-- method navigator-link -->
                      </span>
                      <br/>
                      <span>
                        <img src="failed.png" width="3%"/>
                        <a href="#" panel-name="suite-Zestaw_test_w_allegro_wyszukuj_cych_przedmiot" title="Tests.AllegroTest.AllegroSearchTest" class="method navigator-link" hash-for-method="searchItem(kijek, opera, 10, 100)">searchItem(kijek, opera, 10, 100)</a> <!-- method navigator-link -->
                      </span>
                      <br/>
                    </div> <!-- method-list-content failed suite-Zestaw_test_w_allegro_wyszukuj_cych_przedmiot -->
                  </li>
                </ul>
              </div> <!-- suite-section-content -->
            </div> <!-- result-section -->
          </div> <!-- navigator-suite-content -->
        </div> <!-- rounded-window -->
      </div> <!-- suite -->
    </div> <!-- navigator-root -->
    <div class="wrapper">
      <div class="main-panel-root">
        <div panel-name="suite-Zestaw_test_w_allegro_wyszukuj_cych_przedmiot" class="panel Zestaw_test_w_allegro_wyszukuj_cych_przedmiot">
          <div class="suite-Zestaw_test_w_allegro_wyszukuj_cych_przedmiot-class-failed">
            <div class="main-panel-header rounded-window-top">
              <img src="failed.png"/>
              <span class="class-name">Tests.AllegroTest.AllegroSearchTest</span>
            </div> <!-- main-panel-header rounded-window-top -->
            <div class="main-panel-content rounded-window-bottom">
              <div class="method">
                <div class="method-content">
                  <a name="searchItem(telefon, chrome, 100, 350)">
                  </a> <!-- searchItem(telefon, chrome, 100, 350) -->
                  <span class="method-name">searchItem</span>
                  <span class="parameters">(telefon, chrome, 100, 350)</span>
                  <div class="stack-trace">org.openqa.selenium.WebDriverException: chrome not reachable
  (Session info: chrome=86.0.4240.193)
Build info: version: &apos;3.141.59&apos;, revision: &apos;e82be7d358&apos;, time: &apos;2018-11-14T08:17:03&apos;
System info: host: &apos;DESKTOP-8C50GRG&apos;, ip: &apos;192.168.0.100&apos;, os.name: &apos;Windows 10&apos;, os.arch: &apos;amd64&apos;, os.version: &apos;10.0&apos;, java.version: &apos;11.0.9&apos;
Driver info: org.openqa.selenium.chrome.ChromeDriver
Capabilities {acceptInsecureCerts: false, browserName: chrome, browserVersion: 86.0.4240.193, chrome: {chromedriverVersion: 86.0.4240.22 (398b0743353ff..., userDataDir: C:\Users\wasia\AppData\Loca...}, goog:chromeOptions: {debuggerAddress: localhost:50185}, javascriptEnabled: true, networkConnectionEnabled: false, pageLoadStrategy: normal, platform: WINDOWS, platformName: WINDOWS, proxy: Proxy(), setWindowRect: true, strictFileInteractability: false, timeouts: {implicit: 0, pageLoad: 300000, script: 30000}, unhandledPromptBehavior: dismiss and notify, webauthn:virtualAuthenticators: true}
Session ID: f5a217fcc19b01baf0793926653cc9f8
*** Element info: {Using=xpath, value=//button[text()=&apos;przejdĹş dalej&apos;]}
	at org.openqa.selenium.remote.http.W3CHttpResponseCodec.createException(W3CHttpResponseCodec.java:187)
	at org.openqa.selenium.remote.http.W3CHttpResponseCodec.decode(W3CHttpResponseCodec.java:122)
	at org.openqa.selenium.remote.http.W3CHttpResponseCodec.decode(W3CHttpResponseCodec.java:49)
	at org.openqa.selenium.remote.HttpCommandExecutor.execute(HttpCommandExecutor.java:158)
	at org.openqa.selenium.remote.service.DriverCommandExecutor.execute(DriverCommandExecutor.java:83)
	at org.openqa.selenium.remote.RemoteWebDriver.execute(RemoteWebDriver.java:552)
	at org.openqa.selenium.remote.RemoteWebDriver.findElement(RemoteWebDriver.java:323)
	at org.openqa.selenium.remote.RemoteWebDriver.findElementByXPath(RemoteWebDriver.java:428)
	at org.openqa.selenium.By$ByXPath.findElement(By.java:353)
	at org.openqa.selenium.remote.RemoteWebDriver.findElement(RemoteWebDriver.java:315)
	at org.openqa.selenium.support.pagefactory.DefaultElementLocator.findElement(DefaultElementLocator.java:69)
	at org.openqa.selenium.support.pagefactory.internal.LocatingElementHandler.invoke(LocatingElementHandler.java:38)
	at com.sun.proxy.$Proxy8.isDisplayed(Unknown Source)
	at org.openqa.selenium.support.ui.ExpectedConditions.elementIfVisible(ExpectedConditions.java:314)
	at org.openqa.selenium.support.ui.ExpectedConditions.access$000(ExpectedConditions.java:43)
	at org.openqa.selenium.support.ui.ExpectedConditions$10.apply(ExpectedConditions.java:300)
	at org.openqa.selenium.support.ui.ExpectedConditions$10.apply(ExpectedConditions.java:297)
	at org.openqa.selenium.support.ui.FluentWait.until(FluentWait.java:249)
	at Framework.Utils.Methods.waintUntilElementVisible(Methods.java:27)
	at Framework.Pages.Allegro.Page1.clickSearchButton(Page1.java:35)
	at Tests.AllegroTest.AllegroSearchTest.searchItem(AllegroSearchTest.java:21)
	at java.base/java.util.ArrayList.forEach(ArrayList.java:1541)
... Removed 35 stack frames
</div> <!-- stack-trace -->
                </div> <!-- method-content -->
              </div> <!-- method -->
              <div class="method">
                <div class="method-content">
                  <a name="searchItem(kalosze, firefox, 50, 100)">
                  </a> <!-- searchItem(kalosze, firefox, 50, 100) -->
                  <span class="method-name">searchItem</span>
                  <span class="parameters">(kalosze, firefox, 50, 100)</span>
                  <div class="stack-trace">org.openqa.selenium.TimeoutException: Expected condition failed: waiting for visibility of Proxy element for: DefaultElementLocator &apos;By.xpath: //button[text()=&apos;przejdĹş dalej&apos;]&apos; (tried for 20 second(s) with 500 milliseconds interval)
	at org.openqa.selenium.support.ui.WebDriverWait.timeoutException(WebDriverWait.java:95)
	at org.openqa.selenium.support.ui.FluentWait.until(FluentWait.java:272)
	at Framework.Utils.Methods.waintUntilElementVisible(Methods.java:27)
	at Framework.Pages.Allegro.Page1.clickSearchButton(Page1.java:35)
	at Tests.AllegroTest.AllegroSearchTest.searchItem(AllegroSearchTest.java:21)
	at java.base/java.util.ArrayList.forEach(ArrayList.java:1541)
Caused by: org.openqa.selenium.NoSuchElementException: Unable to locate element: //button[text()=&apos;przejdĹş dalej&apos;]
For documentation on this error, please visit: https://www.seleniumhq.org/exceptions/no_such_element.html
Build info: version: &apos;3.141.59&apos;, revision: &apos;e82be7d358&apos;, time: &apos;2018-11-14T08:17:03&apos;
System info: host: &apos;DESKTOP-8C50GRG&apos;, ip: &apos;192.168.0.100&apos;, os.name: &apos;Windows 10&apos;, os.arch: &apos;amd64&apos;, os.version: &apos;10.0&apos;, java.version: &apos;11.0.9&apos;
Driver info: org.openqa.selenium.firefox.FirefoxDriver
Capabilities {acceptInsecureCerts: true, browserName: firefox, browserVersion: 82.0, javascriptEnabled: true, moz:accessibilityChecks: false, moz:buildID: 20201014125134, moz:geckodriverVersion: 0.27.0, moz:headless: false, moz:processID: 9492, moz:profile: C:\Users\wasia\AppData\Loca..., moz:shutdownTimeout: 60000, moz:useNonSpecCompliantPointerOrigin: false, moz:webdriverClick: true, pageLoadStrategy: normal, platform: WINDOWS, platformName: WINDOWS, platformVersion: 10.0, rotatable: false, setWindowRect: true, strictFileInteractability: false, timeouts: {implicit: 0, pageLoad: 300000, script: 30000}, unhandledPromptBehavior: dismiss and notify}
Session ID: 3bc527e3-520f-435b-93f3-acc20ffd74cc
*** Element info: {Using=xpath, value=//button[text()=&apos;przejdĹş dalej&apos;]}
	at org.openqa.selenium.remote.http.W3CHttpResponseCodec.createException(W3CHttpResponseCodec.java:187)
	at org.openqa.selenium.remote.http.W3CHttpResponseCodec.decode(W3CHttpResponseCodec.java:122)
	at org.openqa.selenium.remote.http.W3CHttpResponseCodec.decode(W3CHttpResponseCodec.java:49)
	at org.openqa.selenium.remote.HttpCommandExecutor.execute(HttpCommandExecutor.java:158)
	at org.openqa.selenium.remote.service.DriverCommandExecutor.execute(DriverCommandExecutor.java:83)
	at org.openqa.selenium.remote.RemoteWebDriver.execute(RemoteWebDriver.java:552)
	at org.openqa.selenium.remote.RemoteWebDriver.findElement(RemoteWebDriver.java:323)
	at org.openqa.selenium.remote.RemoteWebDriver.findElementByXPath(RemoteWebDriver.java:428)
	at org.openqa.selenium.By$ByXPath.findElement(By.java:353)
	at org.openqa.selenium.remote.RemoteWebDriver.findElement(RemoteWebDriver.java:315)
	at org.openqa.selenium.support.pagefactory.DefaultElementLocator.findElement(DefaultElementLocator.java:69)
	at org.openqa.selenium.support.pagefactory.internal.LocatingElementHandler.invoke(LocatingElementHandler.java:38)
	at com.sun.proxy.$Proxy8.isDisplayed(Unknown Source)
	at org.openqa.selenium.support.ui.ExpectedConditions.elementIfVisible(ExpectedConditions.java:314)
	at org.openqa.selenium.support.ui.ExpectedConditions.access$000(ExpectedConditions.java:43)
	at org.openqa.selenium.support.ui.ExpectedConditions$10.apply(ExpectedConditions.java:300)
	at org.openqa.selenium.support.ui.ExpectedConditions$10.apply(ExpectedConditions.java:297)
	at org.openqa.selenium.support.ui.FluentWait.until(FluentWait.java:249)
	... 35 more
... Removed 34 stack frames
</div> <!-- stack-trace -->
                </div> <!-- method-content -->
              </div> <!-- method -->
              <div class="method">
                <div class="method-content">
                  <a name="searchItem(kijek, opera, 10, 100)">
                  </a> <!-- searchItem(kijek, opera, 10, 100) -->
                  <span class="method-name">searchItem</span>
                  <span class="parameters">(kijek, opera, 10, 100)</span>
                  <div class="stack-trace">org.openqa.selenium.TimeoutException: Expected condition failed: waiting for visibility of Proxy element for: DefaultElementLocator &apos;By.xpath: //button[text()=&apos;przejdĹş dalej&apos;]&apos; (tried for 20 second(s) with 500 milliseconds interval)
	at org.openqa.selenium.support.ui.WebDriverWait.timeoutException(WebDriverWait.java:95)
	at org.openqa.selenium.support.ui.FluentWait.until(FluentWait.java:272)
	at Framework.Utils.Methods.waintUntilElementVisible(Methods.java:27)
	at Framework.Pages.Allegro.Page1.clickSearchButton(Page1.java:35)
	at Tests.AllegroTest.AllegroSearchTest.searchItem(AllegroSearchTest.java:21)
	at java.base/java.util.ArrayList.forEach(ArrayList.java:1541)
Caused by: org.openqa.selenium.NoSuchElementException: no such element: Unable to locate element: {&quot;method&quot;:&quot;xpath&quot;,&quot;selector&quot;:&quot;//button[text()=&apos;przejdĹş dalej&apos;]&quot;}
  (Session info: chrome=86.0.4240.111)
  (Driver info: operadriver=86.0.4240.80 (7ed88b53bda45a2d19efb4f8706dd6b6cad0d3af-refs/branch-heads/4240@{#1183}),platform=Windows NT 10.0.18363 x86_64) (WARNING: The server did not provide any stacktrace information)
Command duration or timeout: 0 milliseconds
For documentation on this error, please visit: https://www.seleniumhq.org/exceptions/no_such_element.html
Build info: version: &apos;3.141.59&apos;, revision: &apos;e82be7d358&apos;, time: &apos;2018-11-14T08:17:03&apos;
System info: host: &apos;DESKTOP-8C50GRG&apos;, ip: &apos;192.168.0.100&apos;, os.name: &apos;Windows 10&apos;, os.arch: &apos;amd64&apos;, os.version: &apos;10.0&apos;, java.version: &apos;11.0.9&apos;
Driver info: org.openqa.selenium.opera.OperaDriver
Capabilities {acceptInsecureCerts: false, acceptSslCerts: false, applicationCacheEnabled: false, browserConnectionEnabled: false, browserName: opera, cssSelectorsEnabled: true, databaseEnabled: false, goog:chromeOptions: {debuggerAddress: localhost:50356}, handlesAlerts: true, hasTouchScreen: false, javascriptEnabled: true, locationContextEnabled: true, mobileEmulationEnabled: false, nativeEvents: true, networkConnectionEnabled: false, opera: {operadriverVersion: 86.0.4240.80 (7ed88b53bda45..., userDataDir: C:\Users\wasia\AppData\Loca...}, pageLoadStrategy: normal, platform: WINDOWS, platformName: WINDOWS, proxy: Proxy(), rotatable: false, setWindowRect: true, strictFileInteractability: false, takesHeapSnapshot: true, takesScreenshot: true, timeouts: {implicit: 0, pageLoad: 300000, script: 30000}, unexpectedAlertBehaviour: ignore, unhandledPromptBehavior: ignore, version: 86.0.4240.111, webStorageEnabled: true, webauthn:virtualAuthenticators: true}
Session ID: d9b2774f5f78008075d0ae040d9b6ed5
*** Element info: {Using=xpath, value=//button[text()=&apos;przejdĹş dalej&apos;]}
	at org.openqa.selenium.remote.ErrorHandler.createThrowable(ErrorHandler.java:214)
	at org.openqa.selenium.remote.ErrorHandler.throwIfResponseFailed(ErrorHandler.java:166)
	at org.openqa.selenium.remote.http.JsonHttpResponseCodec.reconstructValue(JsonHttpResponseCodec.java:40)
	at org.openqa.selenium.remote.http.AbstractHttpResponseCodec.decode(AbstractHttpResponseCodec.java:80)
	at org.openqa.selenium.remote.http.AbstractHttpResponseCodec.decode(AbstractHttpResponseCodec.java:44)
	at org.openqa.selenium.remote.HttpCommandExecutor.execute(HttpCommandExecutor.java:158)
	at org.openqa.selenium.remote.service.DriverCommandExecutor.execute(DriverCommandExecutor.java:83)
	at org.openqa.selenium.remote.RemoteWebDriver.execute(RemoteWebDriver.java:552)
	at org.openqa.selenium.remote.RemoteWebDriver.findElement(RemoteWebDriver.java:323)
	at org.openqa.selenium.remote.RemoteWebDriver.findElementByXPath(RemoteWebDriver.java:428)
	at org.openqa.selenium.By$ByXPath.findElement(By.java:353)
	at org.openqa.selenium.remote.RemoteWebDriver.findElement(RemoteWebDriver.java:315)
	at org.openqa.selenium.support.pagefactory.DefaultElementLocator.findElement(DefaultElementLocator.java:69)
	at org.openqa.selenium.support.pagefactory.internal.LocatingElementHandler.invoke(LocatingElementHandler.java:38)
	at com.sun.proxy.$Proxy8.isDisplayed(Unknown Source)
	at org.openqa.selenium.support.ui.ExpectedConditions.elementIfVisible(ExpectedConditions.java:314)
	at org.openqa.selenium.support.ui.ExpectedConditions.access$000(ExpectedConditions.java:43)
	at org.openqa.selenium.support.ui.ExpectedConditions$10.apply(ExpectedConditions.java:300)
	at org.openqa.selenium.support.ui.ExpectedConditions$10.apply(ExpectedConditions.java:297)
	at org.openqa.selenium.support.ui.FluentWait.until(FluentWait.java:249)
	... 35 more
... Removed 34 stack frames
</div> <!-- stack-trace -->
                </div> <!-- method-content -->
              </div> <!-- method -->
            </div> <!-- main-panel-content rounded-window-bottom -->
          </div> <!-- suite-Zestaw_test_w_allegro_wyszukuj_cych_przedmiot-class-failed -->
        </div> <!-- panel Zestaw_test_w_allegro_wyszukuj_cych_przedmiot -->
        <div panel-name="test-xml-Zestaw_test_w_allegro_wyszukuj_cych_przedmiot" class="panel">
          <div class="main-panel-header rounded-window-top">
            <span class="header-content">C:\Users\wasia\IdeaProjects\Project1\TestSuits\TestAllegro\testAllegroSearch.xml</span>
          </div> <!-- main-panel-header rounded-window-top -->
          <div class="main-panel-content rounded-window-bottom">
            <pre>
&lt;?xml version=&quot;1.0&quot; encoding=&quot;UTF-8&quot;?&gt;
&lt;!DOCTYPE suite SYSTEM &quot;https://testng.org/testng-1.0.dtd&quot;&gt;
&lt;suite name=&quot;Zestaw testów allegro wyszukujących przedmiot&quot; guice-stage=&quot;DEVELOPMENT&quot; verbose=&quot;0&quot;&gt;
  &lt;test thread-count=&quot;5&quot; name=&quot;Testy wyszukiwania E2E - chrome&quot; verbose=&quot;0&quot;&gt;
    &lt;classes&gt;
      &lt;class name=&quot;Tests.AllegroTest.AllegroSearchTest&quot;&gt;
        &lt;parameter name=&quot;browserName&quot; value=&quot;chrome&quot;/&gt;
        &lt;parameter name=&quot;item&quot; value=&quot;telefon&quot;/&gt;
        &lt;parameter name=&quot;priceDo&quot; value=&quot;350&quot;/&gt;
        &lt;parameter name=&quot;priceOd&quot; value=&quot;100&quot;/&gt;
        &lt;methods&gt;
          &lt;include name=&quot;searchItem&quot;/&gt;
        &lt;/methods&gt;
      &lt;/class&gt; &lt;!-- Tests.AllegroTest.AllegroSearchTest --&gt;
    &lt;/classes&gt;
  &lt;/test&gt; &lt;!-- Testy wyszukiwania E2E - chrome --&gt;
  &lt;test thread-count=&quot;5&quot; name=&quot;Testy wyszukiwania E2E- firefox&quot; verbose=&quot;0&quot;&gt;
    &lt;classes&gt;
      &lt;class name=&quot;Tests.AllegroTest.AllegroSearchTest&quot;&gt;
        &lt;parameter name=&quot;browserName&quot; value=&quot;firefox&quot;/&gt;
        &lt;parameter name=&quot;item&quot; value=&quot;kalosze&quot;/&gt;
        &lt;parameter name=&quot;priceDo&quot; value=&quot;100&quot;/&gt;
        &lt;parameter name=&quot;priceOd&quot; value=&quot;50&quot;/&gt;
        &lt;methods&gt;
          &lt;include name=&quot;searchItem&quot;/&gt;
        &lt;/methods&gt;
      &lt;/class&gt; &lt;!-- Tests.AllegroTest.AllegroSearchTest --&gt;
    &lt;/classes&gt;
  &lt;/test&gt; &lt;!-- Testy wyszukiwania E2E- firefox --&gt;
  &lt;test thread-count=&quot;5&quot; name=&quot;Testy wyszukiwania E2E&quot; verbose=&quot;0&quot;&gt;
    &lt;classes&gt;
      &lt;class name=&quot;Tests.AllegroTest.AllegroSearchTest&quot;&gt;
        &lt;parameter name=&quot;browserName&quot; value=&quot;opera&quot;/&gt;
        &lt;parameter name=&quot;item&quot; value=&quot;kijek&quot;/&gt;
        &lt;parameter name=&quot;priceDo&quot; value=&quot;100&quot;/&gt;
        &lt;parameter name=&quot;priceOd&quot; value=&quot;10&quot;/&gt;
        &lt;methods&gt;
          &lt;include name=&quot;searchItem&quot;/&gt;
        &lt;/methods&gt;
      &lt;/class&gt; &lt;!-- Tests.AllegroTest.AllegroSearchTest --&gt;
    &lt;/classes&gt;
  &lt;/test&gt; &lt;!-- Testy wyszukiwania E2E --&gt;
&lt;/suite&gt; &lt;!-- Zestaw testów allegro wyszukujących przedmiot --&gt;
            </pre>
          </div> <!-- main-panel-content rounded-window-bottom -->
        </div> <!-- panel -->
        <div panel-name="testlist-Zestaw_test_w_allegro_wyszukuj_cych_przedmiot" class="panel">
          <div class="main-panel-header rounded-window-top">
            <span class="header-content">Tests for Zestaw testów allegro wyszukujących przedmiot</span>
          </div> <!-- main-panel-header rounded-window-top -->
          <div class="main-panel-content rounded-window-bottom">
            <ul>
              <li>
                <span class="test-name">Testy wyszukiwania E2E - chrome (1 class)</span>
              </li>
              <li>
                <span class="test-name">Testy wyszukiwania E2E- firefox (1 class)</span>
              </li>
              <li>
                <span class="test-name">Testy wyszukiwania E2E (1 class)</span>
              </li>
            </ul>
          </div> <!-- main-panel-content rounded-window-bottom -->
        </div> <!-- panel -->
        <div panel-name="group-Zestaw_test_w_allegro_wyszukuj_cych_przedmiot" class="panel">
          <div class="main-panel-header rounded-window-top">
            <span class="header-content">Groups for Zestaw testów allegro wyszukujących przedmiot</span>
          </div> <!-- main-panel-header rounded-window-top -->
          <div class="main-panel-content rounded-window-bottom">
          </div> <!-- main-panel-content rounded-window-bottom -->
        </div> <!-- panel -->
        <div panel-name="times-Zestaw_test_w_allegro_wyszukuj_cych_przedmiot" class="panel">
          <div class="main-panel-header rounded-window-top">
            <span class="header-content">Times for Zestaw testów allegro wyszukujących przedmiot</span>
          </div> <!-- main-panel-header rounded-window-top -->
          <div class="main-panel-content rounded-window-bottom">
            <div class="times-div">
              <script type="text/javascript">
suiteTableInitFunctions.push('tableData_Zestaw_test_w_allegro_wyszukuj_cych_przedmiot');
function tableData_Zestaw_test_w_allegro_wyszukuj_cych_przedmiot() {
var data = new google.visualization.DataTable();
data.addColumn('number', 'Number');
data.addColumn('string', 'Method');
data.addColumn('string', 'Class');
data.addColumn('number', 'Time (ms)');
data.addRows(3);
data.setCell(0, 0, 0)
data.setCell(0, 1, 'searchItem')
data.setCell(0, 2, 'Tests.AllegroTest.AllegroSearchTest')
data.setCell(0, 3, 34698);
data.setCell(1, 0, 1)
data.setCell(1, 1, 'searchItem')
data.setCell(1, 2, 'Tests.AllegroTest.AllegroSearchTest')
data.setCell(1, 3, 30985);
data.setCell(2, 0, 2)
data.setCell(2, 1, 'searchItem')
data.setCell(2, 2, 'Tests.AllegroTest.AllegroSearchTest')
data.setCell(2, 3, 28606);
window.suiteTableData['Zestaw_test_w_allegro_wyszukuj_cych_przedmiot']= { tableData: data, tableDiv: 'times-div-Zestaw_test_w_allegro_wyszukuj_cych_przedmiot'}
return data;
}
              </script>
              <span class="suite-total-time">Total running time: 1 minutes</span>
              <div id="times-div-Zestaw_test_w_allegro_wyszukuj_cych_przedmiot">
              </div> <!-- times-div-Zestaw_test_w_allegro_wyszukuj_cych_przedmiot -->
            </div> <!-- times-div -->
          </div> <!-- main-panel-content rounded-window-bottom -->
        </div> <!-- panel -->
        <div panel-name="reporter-Zestaw_test_w_allegro_wyszukuj_cych_przedmiot" class="panel">
          <div class="main-panel-header rounded-window-top">
            <span class="header-content">Reporter output for Zestaw testów allegro wyszukujących przedmiot</span>
          </div> <!-- main-panel-header rounded-window-top -->
          <div class="main-panel-content rounded-window-bottom">
          </div> <!-- main-panel-content rounded-window-bottom -->
        </div> <!-- panel -->
        <div panel-name="ignored-methods-Zestaw_test_w_allegro_wyszukuj_cych_przedmiot" class="panel">
          <div class="main-panel-header rounded-window-top">
            <span class="header-content">0 ignored methods</span>
          </div> <!-- main-panel-header rounded-window-top -->
          <div class="main-panel-content rounded-window-bottom">
          </div> <!-- main-panel-content rounded-window-bottom -->
        </div> <!-- panel -->
        <div panel-name="chronological-Zestaw_test_w_allegro_wyszukuj_cych_przedmiot" class="panel">
          <div class="main-panel-header rounded-window-top">
            <span class="header-content">Methods in chronological order</span>
          </div> <!-- main-panel-header rounded-window-top -->
          <div class="main-panel-content rounded-window-bottom">
            <div class="chronological-class">
              <div class="chronological-class-name">Tests.AllegroTest.AllegroSearchTest</div> <!-- chronological-class-name -->
              <div class="test-method">
                <img src="failed.png">
                </img>
                <span class="method-name">searchItem(telefon, chrome, 100, 350)</span>
                <span class="method-start">0 ms</span>
              </div> <!-- test-method -->
              <div class="test-method">
                <img src="failed.png">
                </img>
                <span class="method-name">searchItem(kalosze, firefox, 50, 100)</span>
                <span class="method-start">31093 ms</span>
              </div> <!-- test-method -->
              <div class="test-method">
                <img src="failed.png">
                </img>
                <span class="method-name">searchItem(kijek, opera, 10, 100)</span>
                <span class="method-start">65827 ms</span>
              </div> <!-- test-method -->
          </div> <!-- main-panel-content rounded-window-bottom -->
        </div> <!-- panel -->
      </div> <!-- main-panel-root -->
    </div> <!-- wrapper -->
  </body>
</html>
